<?xml version="1.0" encoding="UTF-8"?>
<!-- Generated by org.testng.reporters.JUnitReportReporter -->
<testsuite hostname="DESKTOP-UTV5KOM" failures="0" tests="1" name="testNg.TwoApp" time="2.771" errors="0" timestamp="2022-04-14T19:27:10 IST" skipped="0">
  <testcase classname="testNg.TwoApp" name="blazeDemo" time="2.771"/>
  <system-out/>
</testsuite> <!-- testNg.TwoApp -->
