<?xml version="1.0" encoding="UTF-8"?>
<!-- Generated by org.testng.reporters.JUnitReportReporter -->
<testsuite hostname="DESKTOP-UTV5KOM" failures="0" tests="2" name="testNg.DemoProvider" time="0.003" errors="0" timestamp="2022-04-13T20:52:00 IST" skipped="0">
  <testcase classname="testNg.DemoProvider" name="f" time="0.001"/>
  <system-out/>
  <testcase classname="testNg.DemoProvider" name="f" time="0.002"/>
  <system-out/>
</testsuite> <!-- testNg.DemoProvider -->
