<?xml version="1.0" encoding="UTF-8"?>
<!-- Generated by org.testng.reporters.JUnitReportReporter -->
<testsuite hostname="DESKTOP-UTV5KOM" failures="0" tests="1" name="in.rajesh.day2.ExecutePageFactory" time="10.310" errors="0" timestamp="2022-06-16T19:49:13 IST" skipped="0">
  <testcase classname="in.rajesh.day2.ExecutePageFactory" name="f" time="10.310"/>
  <system-out/>
</testsuite> <!-- in.rajesh.day2.ExecutePageFactory -->
