<?xml version="1.0" encoding="UTF-8"?>
<!-- Generated by org.testng.reporters.JUnitReportReporter -->
<testsuite hostname="DESKTOP-UTV5KOM" failures="0" tests="1" name="in.rajesh.day3.DemoExtentReport" time="1.341" errors="0" timestamp="2022-06-17T20:31:45 IST" skipped="0">
  <testcase classname="in.rajesh.day3.DemoExtentReport" name="f" time="1.341"/>
  <system-out/>
</testsuite> <!-- in.rajesh.day3.DemoExtentReport -->
