<?xml version="1.0" encoding="UTF-8"?>
<!-- Generated by org.testng.reporters.JUnitReportReporter -->
<testsuite hostname="DESKTOP-UTV5KOM" failures="0" tests="1" name="in.rajesh.day1.SecondScript" time="0.666" errors="0" timestamp="2022-06-14T19:19:34 IST" skipped="0">
  <testcase classname="in.rajesh.day1.SecondScript" name="rediffCheckbox" time="0.666"/>
  <system-out/>
</testsuite> <!-- in.rajesh.day1.SecondScript -->
