<?xml version="1.0" encoding="UTF-8"?>
<!-- Generated by org.testng.reporters.JUnitReportReporter -->
<testsuite hostname="DESKTOP-UTV5KOM" failures="0" tests="2" name="in.rajesh.day4.ExGrid" time="2.142" errors="0" timestamp="2022-06-21T20:58:37 IST" skipped="0">
  <testcase classname="in.rajesh.day4.ExGrid" name="gridDemo" time="1.147"/>
  <system-out/>
  <testcase classname="in.rajesh.day4.ExGrid" name="gridDemo" time="0.995"/>
  <system-out/>
</testsuite> <!-- in.rajesh.day4.ExGrid -->
