<?xml version="1.0" encoding="UTF-8"?>
<!-- Generated by org.testng.reporters.JUnitReportReporter -->
<testsuite hostname="DESKTOP-UTV5KOM" failures="0" tests="1" name="in.rajesh.day1.DemoScroll" time="1.196" errors="0" timestamp="2022-06-14T19:57:41 IST" skipped="0">
  <testcase classname="in.rajesh.day1.DemoScroll" name="scrollEx" time="1.196"/>
  <system-out/>
</testsuite> <!-- in.rajesh.day1.DemoScroll -->
