<?xml version="1.0" encoding="UTF-8"?>
<!-- Generated by org.testng.reporters.JUnitReportReporter -->
<testsuite hostname="DESKTOP-UTV5KOM" failures="0" tests="1" name="in.rajesh.day4.DemoGrid" time="3.085" errors="0" timestamp="2022-06-21T20:08:55 IST" skipped="0">
  <testcase classname="in.rajesh.day4.DemoGrid" name="gridExample" time="3.085"/>
  <system-out/>
</testsuite> <!-- in.rajesh.day4.DemoGrid -->
