<?xml version="1.0" encoding="UTF-8"?>
<!-- Generated by org.testng.reporters.JUnitReportReporter -->
<testsuite hostname="DESKTOP-UTV5KOM" failures="0" tests="1" name="in.rajesh.day1.DemoFrame" time="4.257" errors="0" timestamp="2022-06-16T19:17:42 IST" skipped="0">
  <testcase classname="in.rajesh.day1.DemoFrame" name="ExFrame" time="4.257"/>
  <system-out/>
</testsuite> <!-- in.rajesh.day1.DemoFrame -->
