<?xml version="1.0" encoding="UTF-8"?>
<!-- Generated by org.testng.reporters.JUnitReportReporter -->
<testsuite hostname="DESKTOP-UTV5KOM" failures="0" tests="1" name="in.rajesh.day1.FirstScript_Test" time="1.405" errors="0" timestamp="2022-06-25T19:17:44 IST" skipped="0">
  <testcase classname="in.rajesh.day1.FirstScript_Test" name="dropDownCheck" time="1.405"/>
  <system-out/>
</testsuite> <!-- in.rajesh.day1.FirstScript_Test -->
