<?xml version="1.0" encoding="UTF-8"?>
<!-- Generated by org.testng.reporters.JUnitReportReporter -->
<testsuite hostname="DESKTOP-UTV5KOM" failures="0" tests="1" name="in.rajesh.day2.PropertiesFileEg" time="0.092" errors="0" timestamp="2022-06-15T20:06:30 IST" skipped="0">
  <testcase classname="in.rajesh.day2.PropertiesFileEg" name="f" time="0.092"/>
  <system-out/>
</testsuite> <!-- in.rajesh.day2.PropertiesFileEg -->
