<?xml version="1.0" encoding="UTF-8"?>
<!-- Generated by org.testng.reporters.JUnitReportReporter -->
<testsuite hostname="DESKTOP-UTV5KOM" failures="0" tests="1" name="in.rajesh.day2.DemoBing" time="1.611" errors="0" timestamp="2022-06-23T21:26:05 IST" skipped="0">
  <testcase classname="in.rajesh.day2.DemoBing" name="f" time="1.611"/>
  <system-out/>
</testsuite> <!-- in.rajesh.day2.DemoBing -->
